{
  "RSpec": {
    "coverage": {
      "/home/wendellopes/projects/dipaz/app/models/company.rb": {
        "lines": [
          1,
          1,
          null,
          1,
          null,
          1,
          1,
          null,
          null,
          null,
          1,
          1,
          null,
          1,
          null,
          1,
          29,
          29,
          null,
          null,
          1,
          20,
          null,
          1,
          1,
          null,
          null,
          1,
          29,
          null,
          null,
          1,
          25,
          null,
          null,
          1,
          5,
          null,
          1,
          null,
          null
        ]
      },
      "/home/wendellopes/projects/dipaz/app/models/application_record.rb": {
        "lines": [
          1,
          1,
          null
        ]
      },
      "/home/wendellopes/projects/dipaz/spec/models/user_spec.rb": {
        "lines": [
          1,
          null,
          1,
          1,
          2,
          null,
          null,
          1,
          2,
          2,
          2,
          null,
          null,
          1,
          4,
          null,
          2,
          2,
          2,
          null,
          null,
          1,
          2,
          2,
          2,
          null,
          null,
          1,
          2,
          null,
          null,
          1,
          2,
          null,
          null
        ]
      },
      "/home/wendellopes/projects/dipaz/spec/requests/api/v1/companies_spec.rb": {
        "lines": [
          1,
          null,
          1,
          11,
          1,
          null,
          10,
          null,
          null,
          null,
          null,
          1,
          1,
          4,
          4,
          null,
          null,
          1,
          3,
          2,
          2,
          null,
          null,
          1,
          3,
          1,
          2,
          null,
          null,
          2,
          2,
          null,
          null,
          null,
          1,
          1,
          6,
          6,
          null,
          null,
          1,
          3,
          3,
          null,
          2,
          2,
          null,
          null,
          1,
          3,
          3,
          null,
          2,
          2,
          null,
          null,
          1,
          3,
          3,
          2,
          2,
          null,
          null,
          null
        ]
      },
      "/home/wendellopes/projects/dipaz/app/controllers/api/v1/companies_controller.rb": {
        "lines": [
          1,
          1,
          null,
          1,
          1,
          1,
          6,
          6,
          2,
          null,
          4,
          null,
          null,
          null,
          1,
          6,
          2,
          4,
          2,
          null,
          2,
          null,
          null,
          null,
          1,
          null,
          1,
          6,
          null,
          null,
          1,
          4,
          null,
          null,
          null,
          null
        ]
      },
      "/home/wendellopes/projects/dipaz/app/controllers/application_controller.rb": {
        "lines": [
          1,
          1,
          null
        ]
      },
      "/home/wendellopes/projects/dipaz/app/serializers/api/v1/company_serializer.rb": {
        "lines": [
          1,
          1,
          1,
          1,
          null,
          null,
          null
        ]
      }
    },
    "timestamp": 1640913943
  }
}
